[Wed Apr  2 00:11:21 2025] running mktexlsr
[Wed Apr  2 00:11:21 2025] success, output:
mktexlsr: Updating C:/Users/verma/PycharmProjects/treatment_chart/RESOURCES/TinyTeX/texmf-local/ls-R...
mktexlsr: Updated C:/Users/verma/PycharmProjects/treatment_chart/RESOURCES/TinyTeX/texmf-local/ls-R.
mktexlsr: Updating C:/Users/verma/PycharmProjects/treatment_chart/RESOURCES/TinyTeX/texmf-config/ls-R...
mktexlsr: Updated C:/Users/verma/PycharmProjects/treatment_chart/RESOURCES/TinyTeX/texmf-config/ls-R.
mktexlsr: Updating C:/Users/verma/PycharmProjects/treatment_chart/RESOURCES/TinyTeX/texmf-var/ls-R...
mktexlsr: Updated C:/Users/verma/PycharmProjects/treatment_chart/RESOURCES/TinyTeX/texmf-var/ls-R.
mktexlsr: Updating C:/Users/verma/PycharmProjects/treatment_chart/RESOURCES/TinyTeX/texmf-dist/ls-R...
mktexlsr: Updated C:/Users/verma/PycharmProjects/treatment_chart/RESOURCES/TinyTeX/texmf-dist/ls-R.
mktexlsr: Done.
--end of output of mktexlsr.

[Wed Apr  2 00:14:06 2025] running mktexlsr
[Wed Apr  2 00:14:06 2025] success, output:
mktexlsr: Updating C:/Users/verma/PycharmProjects/treatment_chart/RESOURCES/TinyTeX/texmf-local/ls-R...
mktexlsr: Updated C:/Users/verma/PycharmProjects/treatment_chart/RESOURCES/TinyTeX/texmf-local/ls-R.
mktexlsr: Updating C:/Users/verma/PycharmProjects/treatment_chart/RESOURCES/TinyTeX/texmf-config/ls-R...
mktexlsr: Updated C:/Users/verma/PycharmProjects/treatment_chart/RESOURCES/TinyTeX/texmf-config/ls-R.
mktexlsr: Updating C:/Users/verma/PycharmProjects/treatment_chart/RESOURCES/TinyTeX/texmf-var/ls-R...
mktexlsr: Updated C:/Users/verma/PycharmProjects/treatment_chart/RESOURCES/TinyTeX/texmf-var/ls-R.
mktexlsr: Updating C:/Users/verma/PycharmProjects/treatment_chart/RESOURCES/TinyTeX/texmf-dist/ls-R...
mktexlsr: Updated C:/Users/verma/PycharmProjects/treatment_chart/RESOURCES/TinyTeX/texmf-dist/ls-R.
mktexlsr: Done.
--end of output of mktexlsr.

[Wed Apr  2 00:16:44 2025] running mktexlsr
[Wed Apr  2 00:16:44 2025] success, output:
mktexlsr: Updating C:/Users/verma/PycharmProjects/treatment_chart/RESOURCES/TinyTeX/texmf-local/ls-R...
mktexlsr: Updated C:/Users/verma/PycharmProjects/treatment_chart/RESOURCES/TinyTeX/texmf-local/ls-R.
mktexlsr: Updating C:/Users/verma/PycharmProjects/treatment_chart/RESOURCES/TinyTeX/texmf-config/ls-R...
mktexlsr: Updated C:/Users/verma/PycharmProjects/treatment_chart/RESOURCES/TinyTeX/texmf-config/ls-R.
mktexlsr: Updating C:/Users/verma/PycharmProjects/treatment_chart/RESOURCES/TinyTeX/texmf-var/ls-R...
mktexlsr: Updated C:/Users/verma/PycharmProjects/treatment_chart/RESOURCES/TinyTeX/texmf-var/ls-R.
mktexlsr: Updating C:/Users/verma/PycharmProjects/treatment_chart/RESOURCES/TinyTeX/texmf-dist/ls-R...
mktexlsr: Updated C:/Users/verma/PycharmProjects/treatment_chart/RESOURCES/TinyTeX/texmf-dist/ls-R.
mktexlsr: Done.
--end of output of mktexlsr.

[Wed Apr  2 13:55:22 2025] running mktexlsr
[Wed Apr  2 13:55:23 2025] success, output:
mktexlsr: Updating C:/Users/verma/PycharmProjects/treatment_chart/dist/RESOURCES/TinyTeX/texmf-local/ls-R...
mktexlsr: Updated C:/Users/verma/PycharmProjects/treatment_chart/dist/RESOURCES/TinyTeX/texmf-local/ls-R.
mktexlsr: Updating C:/Users/verma/PycharmProjects/treatment_chart/dist/RESOURCES/TinyTeX/texmf-config/ls-R...
mktexlsr: Updated C:/Users/verma/PycharmProjects/treatment_chart/dist/RESOURCES/TinyTeX/texmf-config/ls-R.
mktexlsr: Updating C:/Users/verma/PycharmProjects/treatment_chart/dist/RESOURCES/TinyTeX/texmf-var/ls-R...
mktexlsr: Updated C:/Users/verma/PycharmProjects/treatment_chart/dist/RESOURCES/TinyTeX/texmf-var/ls-R.
mktexlsr: Updating C:/Users/verma/PycharmProjects/treatment_chart/dist/RESOURCES/TinyTeX/texmf-dist/ls-R...
mktexlsr: Updated C:/Users/verma/PycharmProjects/treatment_chart/dist/RESOURCES/TinyTeX/texmf-dist/ls-R.
mktexlsr: Done.
--end of output of mktexlsr.

